TN:
SF:/Users/ashleybreunich/codefellows/401-work/labs/lab-01/lib/arithmetic.js
FN:5,(anonymous_0)
FN:10,(anonymous_1)
FN:15,(anonymous_2)
FN:20,(anonymous_3)
FNF:4
FNH:4
FNDA:4,(anonymous_0)
FNDA:4,(anonymous_1)
FNDA:4,(anonymous_2)
FNDA:4,(anonymous_3)
DA:3,1
DA:5,1
DA:6,4
DA:7,1
DA:10,1
DA:11,4
DA:12,1
DA:15,1
DA:16,4
DA:17,1
DA:20,1
DA:21,4
DA:22,1
LF:13
LH:13
BRDA:6,0,0,3
BRDA:6,0,1,1
BRDA:6,1,0,4
BRDA:6,1,1,1
BRDA:11,2,0,3
BRDA:11,2,1,1
BRDA:11,3,0,4
BRDA:11,3,1,1
BRDA:16,4,0,3
BRDA:16,4,1,1
BRDA:16,5,0,4
BRDA:16,5,1,1
BRDA:21,6,0,3
BRDA:21,6,1,1
BRDA:21,7,0,4
BRDA:21,7,1,1
BRF:16
BRH:16
end_of_record
